<?xml version="1.0" encoding="UTF-8"?>
<!-- Generated by org.testng.reporters.JUnitReportReporter -->
<testsuite hostname="was-5mwmd6r-mac" failures="0" tests="4" name="IOSTest.iOSTestValidations" time="4.738" errors="0" timestamp="2021-04-17T17:53:19 CEST" skipped="0">
  <testcase classname="IOSTest.iOSTestValidations" name="mainBodyValidation" time="0.509"/>
  <system-out/>
  <testcase classname="IOSTest.iOSTestValidations" name="ButtonUIValidation" time="0.295"/>
  <system-out/>
  <testcase classname="IOSTest.iOSTestValidations" name="ButtonFunctionalValidation" time="3.242"/>
  <system-out/>
  <testcase classname="IOSTest.iOSTestValidations" name="labelCurrencyValidation" time="0.692"/>
  <system-out/>
</testsuite> <!-- IOSTest.iOSTestValidations -->
