<?xml version="1.0" encoding="UTF-8"?>
<!-- Generated by org.testng.reporters.JUnitReportReporter -->
<testsuite hostname="was-5mwmd6r-mac" failures="0" tests="4" name="AndroidTest.AndroidTestValidations" time="6.524" errors="0" timestamp="2021-04-17T17:34:17 CEST" skipped="0">
  <testcase classname="AndroidTest.AndroidTestValidations" name="titleValidation" time="1.188"/>
  <system-out/>
  <testcase classname="AndroidTest.AndroidTestValidations" name="optionValidations" time="2.677"/>
  <system-out/>
  <testcase classname="AndroidTest.AndroidTestValidations" name="contentalidations" time="0.556"/>
  <system-out/>
  <testcase classname="AndroidTest.AndroidTestValidations" name="mailValidations" time="2.103"/>
  <system-out/>
</testsuite> <!-- AndroidTest.AndroidTestValidations -->
