<?xml version="1.0" encoding="UTF-8"?>
<!-- Generated by org.testng.reporters.JUnitReportReporter -->
<testsuite hostname="was-5mwmd6r-mac" failures="0" tests="4" name="AndroidTest.AndroidTestValidations" time="4.164" errors="0" timestamp="2021-04-17T17:55:12 CEST" skipped="0">
  <testcase classname="AndroidTest.AndroidTestValidations" name="titleValidation" time="0.765"/>
  <system-out/>
  <testcase classname="AndroidTest.AndroidTestValidations" name="optionValidations" time="1.985"/>
  <system-out/>
  <testcase classname="AndroidTest.AndroidTestValidations" name="contentalidations" time="0.214"/>
  <system-out/>
  <testcase classname="AndroidTest.AndroidTestValidations" name="mailValidations" time="1.200"/>
  <system-out/>
</testsuite> <!-- AndroidTest.AndroidTestValidations -->
